<?xml version="1.0" encoding="UTF-8"?>
<testng-results ignored="0" total="0" passed="0" failed="0" skipped="0">
  <reporter-output>
  </reporter-output>
  <suite started-at="2025-10-26T12:08:19 IST" name="Automation Test Suite" finished-at="2025-10-26T12:08:19 IST" duration-ms="0">
    <groups>
      <group name="smoke">
        <method signature="SubmitOrderFlow.login(java.util.HashMap)[pri:1, instance:automation.test.SubmitOrderFlow@3ad83a66]" name="login" class="automation.test.SubmitOrderFlow"/>
        <method signature="SubmitOrderFlow.submitOrder(java.util.HashMap)[pri:0, instance:automation.test.SubmitOrderFlow@3ad83a66]" name="submitOrder" class="automation.test.SubmitOrderFlow"/>
      </group> <!-- smoke -->
    </groups>
  </suite> <!-- Automation Test Suite -->
</testng-results>
