<?xml version="1.0" encoding="UTF-8"?>
<testng-results ignored="0" total="3" passed="3" failed="0" skipped="0">
  <reporter-output>
  </reporter-output>
  <suite started-at="2025-10-26T11:28:50 IST" name="Automation Test Suite" finished-at="2025-10-26T11:29:29 IST" duration-ms="38866">
    <groups>
    </groups>
    <test started-at="2025-10-26T11:28:50 IST" name="Login Error Test" finished-at="2025-10-26T11:29:29 IST" duration-ms="38866">
      <class name="automation.test.LoginPageErrorValidation">
        <test-method is-config="true" signature="setUp()[pri:0, instance:automation.test.LoginPageErrorValidation@5852c06f]" started-at="2025-10-26T11:28:50 IST" name="setUp" finished-at="2025-10-26T11:28:52 IST" duration-ms="1241" status="PASS">
          <reporter-output>
          </reporter-output>
        </test-method> <!-- setUp -->
        <test-method signature="LoginInvalidUserNameInvalidPassword()[pri:0, instance:automation.test.LoginPageErrorValidation@5852c06f]" started-at="2025-10-26T11:28:52 IST" name="LoginInvalidUserNameInvalidPassword" finished-at="2025-10-26T11:29:05 IST" duration-ms="13423" status="PASS">
          <reporter-output>
          </reporter-output>
        </test-method> <!-- LoginInvalidUserNameInvalidPassword -->
        <test-method signature="LoginInvalidUserNameValidPassword()[pri:0, instance:automation.test.LoginPageErrorValidation@5852c06f]" started-at="2025-10-26T11:29:05 IST" name="LoginInvalidUserNameValidPassword" finished-at="2025-10-26T11:29:24 IST" duration-ms="18782" status="PASS">
          <reporter-output>
          </reporter-output>
        </test-method> <!-- LoginInvalidUserNameValidPassword -->
        <test-method signature="LoginValidUserNameInvalidPassword()[pri:0, instance:automation.test.LoginPageErrorValidation@5852c06f]" started-at="2025-10-26T11:29:24 IST" name="LoginValidUserNameInvalidPassword" finished-at="2025-10-26T11:29:29 IST" duration-ms="5179" status="PASS">
          <reporter-output>
          </reporter-output>
        </test-method> <!-- LoginValidUserNameInvalidPassword -->
        <test-method is-config="true" signature="tearDown()[pri:0, instance:automation.test.LoginPageErrorValidation@5852c06f]" started-at="2025-10-26T11:29:29 IST" name="tearDown" finished-at="2025-10-26T11:29:29 IST" duration-ms="203" status="PASS">
          <reporter-output>
          </reporter-output>
        </test-method> <!-- tearDown -->
      </class> <!-- automation.test.LoginPageErrorValidation -->
    </test> <!-- Login Error Test -->
  </suite> <!-- Automation Test Suite -->
</testng-results>
